<?xml version="1.0" encoding="UTF-8"?>
<testng-results ignored="0" total="1" passed="1" failed="0" skipped="0">
  <reporter-output>
  </reporter-output>
  <suite started-at="2021-06-23T13:15:10 IST" name="Default suite" finished-at="2021-06-23T13:15:11 IST" duration-ms="980">
    <groups>
      <group name="cucumber">
        <method signature="AbstractTestNGCucumberTests.runScenario(io.cucumber.testng.PickleWrapper,io.cucumber.testng.FeatureWrapper)[pri:0, instance:Runner.TestRunnerTestNG@10163d6]" name="runScenario" class="io.cucumber.testng.AbstractTestNGCucumberTests"/>
      </group> <!-- cucumber -->
    </groups>
    <test started-at="2021-06-23T13:15:10 IST" name="Default test" finished-at="2021-06-23T13:15:11 IST" duration-ms="980">
      <class name="Runner.TestRunnerTestNG">
        <test-method is-config="true" signature="setUpClass()[pri:0, instance:Runner.TestRunnerTestNG@10163d6]" started-at="2021-06-23T13:15:10 IST" name="setUpClass" finished-at="2021-06-23T13:15:10 IST" duration-ms="506" status="PASS">
          <reporter-output>
          </reporter-output>
        </test-method> <!-- setUpClass -->
        <test-method signature="runScenario(io.cucumber.testng.PickleWrapper,io.cucumber.testng.FeatureWrapper)[pri:0, instance:Runner.TestRunnerTestNG@10163d6]" started-at="2021-06-23T13:15:10 IST" name="runScenario" description="Runs Cucumber Scenarios" data-provider="scenarios" finished-at="2021-06-23T13:15:11 IST" duration-ms="348" status="PASS">
          <params>
            <param index="0">
              <value>
                <![CDATA["Make Minimum Due payment"]]>
              </value>
            </param>
            <param index="1">
              <value>
                <![CDATA["Optional[Credit Card Payment]"]]>
              </value>
            </param>
          </params>
          <reporter-output>
          </reporter-output>
        </test-method> <!-- runScenario -->
        <test-method is-config="true" signature="tearDownClass()[pri:0, instance:Runner.TestRunnerTestNG@10163d6]" started-at="2021-06-23T13:15:11 IST" name="tearDownClass" finished-at="2021-06-23T13:15:11 IST" duration-ms="29" status="PASS">
          <reporter-output>
          </reporter-output>
        </test-method> <!-- tearDownClass -->
      </class> <!-- Runner.TestRunnerTestNG -->
    </test> <!-- Default test -->
  </suite> <!-- Default suite -->
</testng-results>
